<?xml version="1.0" encoding="UTF-8"?>
<!-- Generated by org.testng.reporters.JUnitXMLReporter -->
<testsuite ignored="0" hostname="HPSEDC" failures="0" tests="6" name="Default test" time="0.185" errors="0" timestamp="2023-01-28T04:34:44 IST">
  <testcase classname="test.Day3" name="LoginApiCarloan" time="0.013"/>
  <testcase classname="test.Day3" name="MobilelogincarLoan" time="0.005"/>
  <testcase classname="test.Day3" name="MobilelsignoutcarLoan" time="0.006"/>
  <testcase classname="test.Day3" name="MobilelsignoutcarLoan" time="0.006"/>
  <testcase classname="test.Day3" name="MobilelsignoutcarLoan" time="0.007"/>
  <testcase classname="test.Day3" name="MobilesignincarLoan" time="0.006"/>
</testsuite> <!-- Default test -->
