<?xml version="1.0" encoding="UTF-8"?>
<!-- Generated by org.testng.reporters.JUnitXMLReporter -->
<testsuite ignored="3" hostname="HPSEDC" failures="0" tests="1" name="car Loan" time="0.018" errors="0" timestamp="2023-01-28T05:08:45 IST">
  <testcase classname="test.Day3" name="LoginApiCarloan" time="0.004"/>
  <testcase classname="test.Day3" name="MobilesignincarLoan" time="0.0">
    <ignored/>
  </testcase> <!-- MobilesignincarLoan -->
  <testcase classname="test.Day3" name="MobilelogincarLoan" time="0.0">
    <ignored/>
  </testcase> <!-- MobilelogincarLoan -->
  <testcase classname="test.Day3" name="MobilelsignoutcarLoan" time="0.0">
    <ignored/>
  </testcase> <!-- MobilelsignoutcarLoan -->
</testsuite> <!-- car Loan -->
