<?xml version="1.0" encoding="UTF-8"?>
<!-- Generated by org.testng.reporters.JUnitXMLReporter -->
<testsuite ignored="1" hostname="HPSEDC" failures="1" tests="5" name="Personal Loan" time="0.204" errors="0" timestamp="2023-01-28T05:08:45 IST">
  <testcase classname="test.Day1" name="Demo" time="0.023">
    <failure type="java.lang.AssertionError" message="expected [true] but found [false]">
      <![CDATA[java.lang.AssertionError: expected [true] but found [false]
at test.Day1.Demo(Day1.java:25)
at java.base/java.util.ArrayList.forEach(ArrayList.java:1511)
... Removed 31 stack frames]]>
    </failure>
  </testcase> <!-- Demo -->
  <testcase classname="test.Day2" name="Ploan" time="0.004"/>
  <testcase classname="test.Day4" name="LoginApihomeloan" time="0.005"/>
  <testcase classname="test.Day4" name="MobileloginhomeLoan" time="0.005"/>
  <testcase classname="test.Day4" name="WebLoginHomeLoan" time="0.01"/>
  <testcase classname="test.Day1" name="SecondTest" time="0.0">
    <ignored/>
  </testcase> <!-- SecondTest -->
</testsuite> <!-- Personal Loan -->
