<?xml version="1.0" encoding="UTF-8"?>
<!-- Generated by org.testng.reporters.JUnitXMLReporter -->
<testsuite ignored="8" hostname="HPSEDC" failures="0" tests="3" name="Regression" time="0.157" errors="0" timestamp="2023-01-27T08:20:26 IST">
  <testcase classname="test.Day1" name="SecondTest" time="0.023"/>
  <testcase classname="test.Day2" name="Ploan" time="0.003"/>
  <testcase classname="test.Day3" name="MobilelogincarLoan" time="0.007"/>
  <testcase classname="test.Day1" name="Demo" time="0.0">
    <ignored/>
  </testcase> <!-- Demo -->
  <testcase classname="test.Day4" name="WebLoginHomeLoan" time="0.0">
    <ignored/>
  </testcase> <!-- WebLoginHomeLoan -->
  <testcase classname="test.Day3" name="MobilesignincarLoan" time="0.0">
    <ignored/>
  </testcase> <!-- MobilesignincarLoan -->
  <testcase classname="test.Day3" name="LoginApiCarloan" time="0.0">
    <ignored/>
  </testcase> <!-- LoginApiCarloan -->
  <testcase classname="test.Day4" name="MobileloginhomeLoan" time="0.0">
    <ignored/>
  </testcase> <!-- MobileloginhomeLoan -->
  <testcase classname="test.Day4" name="LoginApihomeloan" time="0.0">
    <ignored/>
  </testcase> <!-- LoginApihomeloan -->
  <testcase classname="test.Day3" name="WebLoginCarLoan" time="0.0">
    <ignored/>
  </testcase> <!-- WebLoginCarLoan -->
  <testcase classname="test.Day3" name="MobilelsignoutcarLoan" time="0.0">
    <ignored/>
  </testcase> <!-- MobilelsignoutcarLoan -->
</testsuite> <!-- Regression -->
